<?xml version="1.0" encoding="UTF-8"?>
<!-- Generated by org.testng.reporters.JUnitReportReporter -->
<testsuite hostname="Vinooz" failures="0" tests="5" name="com.crm.runners.CucumberRunnerTest" time="70.540" errors="1" timestamp="2025-02-26T16:13:05 IST" skipped="0">
  <testcase classname="com.crm.runners.CucumberRunnerTest" name="runScenario" time="5.331"/>
  <testcase classname="com.crm.runners.CucumberRunnerTest" name="runScenario" time="7.663"/>
  <testcase classname="com.crm.runners.CucumberRunnerTest" name="runScenario" time="11.949"/>
  <testcase classname="com.crm.runners.CucumberRunnerTest" name="runScenario" time="28.064">
    <error message="Expected condition failed: waiting for visibility of element located by By.xpath: //span[text()=&#039;Dashboard&#039;] (tried for 20 second(s) with 500 milliseconds interval)
Build info: version: &#039;4.26.0&#039;, revision: &#039;8ccf0219d7&#039;
System info: os.name: &#039;Windows 11&#039;, os.arch: &#039;amd64&#039;, os.version: &#039;10.0&#039;, java.version: &#039;17.0.12&#039;
Driver info: org.openqa.selenium.chrome.ChromeDriver
Capabilities {acceptInsecureCerts: false, browserName: chrome, browserVersion: 133.0.6943.128, chrome: {chromedriverVersion: 133.0.6943.141 (2a5d6da0d61..., userDataDir: C:\Users\pvino\AppData\Loca...}, fedcm:accounts: true, goog:chromeOptions: {debuggerAddress: localhost:64482}, networkConnectionEnabled: false, pageLoadStrategy: normal, platformName: windows, proxy: Proxy(), se:cdp: ws://localhost:64482/devtoo..., se:cdpVersion: 133.0.6943.128, setWindowRect: true, strictFileInteractability: false, timeouts: {implicit: 0, pageLoad: 300000, script: 30000}, unhandledPromptBehavior: dismiss and notify, webauthn:extension:credBlob: true, webauthn:extension:largeBlob: true, webauthn:extension:minPinLength: true, webauthn:extension:prf: true, webauthn:virtualAuthenticators: true}
Session ID: b9b252eab3ee6a09ef906bd6514d3263" type="org.openqa.selenium.TimeoutException">
      <![CDATA[org.openqa.selenium.TimeoutException: Expected condition failed: waiting for visibility of element located by By.xpath: //span[text()='Dashboard'] (tried for 20 second(s) with 500 milliseconds interval)
Build info: version: '4.26.0', revision: '8ccf0219d7'
System info: os.name: 'Windows 11', os.arch: 'amd64', os.version: '10.0', java.version: '17.0.12'
Driver info: org.openqa.selenium.chrome.ChromeDriver
Capabilities {acceptInsecureCerts: false, browserName: chrome, browserVersion: 133.0.6943.128, chrome: {chromedriverVersion: 133.0.6943.141 (2a5d6da0d61..., userDataDir: C:\Users\pvino\AppData\Loca...}, fedcm:accounts: true, goog:chromeOptions: {debuggerAddress: localhost:64482}, networkConnectionEnabled: false, pageLoadStrategy: normal, platformName: windows, proxy: Proxy(), se:cdp: ws://localhost:64482/devtoo..., se:cdpVersion: 133.0.6943.128, setWindowRect: true, strictFileInteractability: false, timeouts: {implicit: 0, pageLoad: 300000, script: 30000}, unhandledPromptBehavior: dismiss and notify, webauthn:extension:credBlob: true, webauthn:extension:largeBlob: true, webauthn:extension:minPinLength: true, webauthn:extension:prf: true, webauthn:virtualAuthenticators: true}
Session ID: b9b252eab3ee6a09ef906bd6514d3263
at org.openqa.selenium.support.ui.WebDriverWait.timeoutException(WebDriverWait.java:84)
at org.openqa.selenium.support.ui.FluentWait.until(FluentWait.java:228)
at com.vk.qa.utilities.GeneralWrappers.waitForVisibilityOfElement(GeneralWrappers.java:26)
at com.crm.pages.LoginPage.verifyTitlePage(LoginPage.java:63)
at com.crm.step_definitions.Anh.LoginAnhSteps.user_is_redirected_to_the_dashboard_page(LoginAnhSteps.java:32)
at ✽.user is redirected to the Anh Dashboard page(file:///C:/Users/pvino/IdeaProjects/BDD_Framework/src/test/resources/features/LoginCMS.feature:31)
]]>
    </error>
  </testcase> <!-- runScenario -->
  <testcase classname="com.crm.runners.CucumberRunnerTest" name="runScenario" time="17.533"/>
</testsuite> <!-- com.crm.runners.CucumberRunnerTest -->
